mode: set
github.com/lattice-safe/kyber-go/api.go:16.24,17.19 1 1
github.com/lattice-safe/kyber-go/api.go:17.19,19.3 1 1
github.com/lattice-safe/kyber-go/api.go:29.72,30.22 1 1
github.com/lattice-safe/kyber-go/api.go:30.22,32.3 1 1
github.com/lattice-safe/kyber-go/api.go:33.2,38.8 2 1
github.com/lattice-safe/kyber-go/api.go:41.52,47.2 5 1
github.com/lattice-safe/kyber-go/api.go:49.33,51.2 1 1
github.com/lattice-safe/kyber-go/api.go:53.39,55.2 1 1
github.com/lattice-safe/kyber-go/api.go:57.39,59.2 1 1
github.com/lattice-safe/kyber-go/api.go:62.30,65.2 2 1
github.com/lattice-safe/kyber-go/api.go:67.59,68.42 1 1
github.com/lattice-safe/kyber-go/api.go:68.42,70.3 1 1
github.com/lattice-safe/kyber-go/api.go:71.2,72.16 2 1
github.com/lattice-safe/kyber-go/api.go:75.85,76.38 1 1
github.com/lattice-safe/kyber-go/api.go:76.38,78.3 1 1
github.com/lattice-safe/kyber-go/api.go:79.2,79.22 1 1
github.com/lattice-safe/kyber-go/api.go:79.22,81.3 1 1
github.com/lattice-safe/kyber-go/api.go:82.2,83.20 2 1
github.com/lattice-safe/kyber-go/api.go:86.65,92.2 5 1
github.com/lattice-safe/kyber-go/cbd.go:5.32,7.2 1 1
github.com/lattice-safe/kyber-go/cbd.go:9.32,11.2 1 1
github.com/lattice-safe/kyber-go/cbd.go:13.36,14.27 1 1
github.com/lattice-safe/kyber-go/cbd.go:14.27,17.26 3 1
github.com/lattice-safe/kyber-go/cbd.go:17.26,21.4 3 1
github.com/lattice-safe/kyber-go/cbd.go:25.36,26.27 1 1
github.com/lattice-safe/kyber-go/cbd.go:26.27,29.26 3 1
github.com/lattice-safe/kyber-go/cbd.go:29.26,33.4 3 1
github.com/lattice-safe/kyber-go/cbd.go:37.48,38.14 1 1
github.com/lattice-safe/kyber-go/cbd.go:38.14,40.3 1 1
github.com/lattice-safe/kyber-go/cbd.go:40.8,40.21 1 1
github.com/lattice-safe/kyber-go/cbd.go:40.21,42.3 1 1
github.com/lattice-safe/kyber-go/cbd.go:42.8,43.27 1 1
github.com/lattice-safe/kyber-go/indcpa.go:3.44,8.36 5 1
github.com/lattice-safe/kyber-go/indcpa.go:8.36,12.18 4 1
github.com/lattice-safe/kyber-go/indcpa.go:12.18,15.4 2 1
github.com/lattice-safe/kyber-go/indcpa.go:16.3,16.32 1 1
github.com/lattice-safe/kyber-go/indcpa.go:16.32,19.4 2 1
github.com/lattice-safe/kyber-go/indcpa.go:21.2,21.12 1 1
github.com/lattice-safe/kyber-go/indcpa.go:26.69,31.25 4 1
github.com/lattice-safe/kyber-go/indcpa.go:31.25,33.3 1 1
github.com/lattice-safe/kyber-go/indcpa.go:35.2,35.25 1 1
github.com/lattice-safe/kyber-go/indcpa.go:35.25,36.26 1 1
github.com/lattice-safe/kyber-go/indcpa.go:36.26,38.18 2 1
github.com/lattice-safe/kyber-go/indcpa.go:38.18,40.5 1 1
github.com/lattice-safe/kyber-go/indcpa.go:41.4,45.16 5 1
github.com/lattice-safe/kyber-go/indcpa.go:45.16,49.5 3 1
github.com/lattice-safe/kyber-go/indcpa.go:52.2,52.10 1 1
github.com/lattice-safe/kyber-go/indcpa.go:55.69,73.25 13 1
github.com/lattice-safe/kyber-go/indcpa.go:73.25,76.3 2 1
github.com/lattice-safe/kyber-go/indcpa.go:77.2,77.25 1 1
github.com/lattice-safe/kyber-go/indcpa.go:77.25,80.3 2 1
github.com/lattice-safe/kyber-go/indcpa.go:82.2,86.25 4 1
github.com/lattice-safe/kyber-go/indcpa.go:86.25,89.3 2 1
github.com/lattice-safe/kyber-go/indcpa.go:90.2,102.15 10 1
github.com/lattice-safe/kyber-go/indcpa.go:105.76,119.25 10 1
github.com/lattice-safe/kyber-go/indcpa.go:119.25,122.3 2 1
github.com/lattice-safe/kyber-go/indcpa.go:123.2,123.25 1 1
github.com/lattice-safe/kyber-go/indcpa.go:123.25,126.3 2 1
github.com/lattice-safe/kyber-go/indcpa.go:127.2,132.25 4 1
github.com/lattice-safe/kyber-go/indcpa.go:132.25,134.3 1 1
github.com/lattice-safe/kyber-go/indcpa.go:136.2,155.29 16 1
github.com/lattice-safe/kyber-go/indcpa.go:158.62,177.2 13 1
github.com/lattice-safe/kyber-go/kem.go:4.63,21.2 11 1
github.com/lattice-safe/kyber-go/kem.go:24.73,41.2 12 1
github.com/lattice-safe/kyber-go/kem.go:44.54,74.2 20 1
github.com/lattice-safe/kyber-go/ntt.go:15.23,18.16 3 1
github.com/lattice-safe/kyber-go/ntt.go:18.16,20.19 2 1
github.com/lattice-safe/kyber-go/ntt.go:20.19,23.40 3 1
github.com/lattice-safe/kyber-go/ntt.go:23.40,27.5 3 1
github.com/lattice-safe/kyber-go/ntt.go:28.4,28.21 1 1
github.com/lattice-safe/kyber-go/ntt.go:30.3,30.13 1 1
github.com/lattice-safe/kyber-go/ntt.go:34.26,38.18 4 1
github.com/lattice-safe/kyber-go/ntt.go:38.18,40.19 2 1
github.com/lattice-safe/kyber-go/ntt.go:40.19,43.40 3 1
github.com/lattice-safe/kyber-go/ntt.go:43.40,47.5 3 1
github.com/lattice-safe/kyber-go/ntt.go:48.4,48.21 1 1
github.com/lattice-safe/kyber-go/ntt.go:50.3,50.13 1 1
github.com/lattice-safe/kyber-go/ntt.go:53.2,53.19 1 1
github.com/lattice-safe/kyber-go/ntt.go:53.19,55.3 1 1
github.com/lattice-safe/kyber-go/ntt.go:58.59,61.2 2 1
github.com/lattice-safe/kyber-go/params.go:42.35,44.2 1 1
github.com/lattice-safe/kyber-go/params.go:46.43,48.2 1 1
github.com/lattice-safe/kyber-go/params.go:50.43,52.2 1 1
github.com/lattice-safe/kyber-go/params.go:54.34,56.2 1 1
github.com/lattice-safe/kyber-go/params.go:58.37,60.2 1 1
github.com/lattice-safe/kyber-go/params.go:62.37,64.2 1 1
github.com/lattice-safe/kyber-go/params.go:66.38,68.2 1 1
github.com/lattice-safe/kyber-go/poly.go:7.22,9.2 1 1
github.com/lattice-safe/kyber-go/poly.go:11.22,14.2 2 1
github.com/lattice-safe/kyber-go/poly.go:16.31,18.2 1 1
github.com/lattice-safe/kyber-go/poly.go:20.25,21.26 1 1
github.com/lattice-safe/kyber-go/poly.go:21.26,23.3 1 1
github.com/lattice-safe/kyber-go/poly.go:26.32,27.25 1 1
github.com/lattice-safe/kyber-go/poly.go:27.25,29.3 1 1
github.com/lattice-safe/kyber-go/poly.go:32.32,33.25 1 1
github.com/lattice-safe/kyber-go/poly.go:33.25,35.3 1 1
github.com/lattice-safe/kyber-go/poly.go:38.25,40.26 2 1
github.com/lattice-safe/kyber-go/poly.go:40.26,42.3 1 1
github.com/lattice-safe/kyber-go/poly.go:45.46,46.27 1 1
github.com/lattice-safe/kyber-go/poly.go:46.27,49.3 2 1
github.com/lattice-safe/kyber-go/poly.go:52.55,59.2 6 1
github.com/lattice-safe/kyber-go/poly.go:61.34,62.27 1 1
github.com/lattice-safe/kyber-go/poly.go:62.27,65.20 3 1
github.com/lattice-safe/kyber-go/poly.go:65.20,67.4 1 1
github.com/lattice-safe/kyber-go/poly.go:68.3,68.20 1 1
github.com/lattice-safe/kyber-go/poly.go:68.20,70.4 1 1
github.com/lattice-safe/kyber-go/poly.go:71.3,73.27 3 1
github.com/lattice-safe/kyber-go/poly.go:77.38,79.27 2 1
github.com/lattice-safe/kyber-go/poly.go:79.27,82.3 2 1
github.com/lattice-safe/kyber-go/poly.go:83.2,83.10 1 1
github.com/lattice-safe/kyber-go/poly.go:86.32,88.24 2 1
github.com/lattice-safe/kyber-go/poly.go:88.24,89.26 1 1
github.com/lattice-safe/kyber-go/poly.go:89.26,92.4 2 1
github.com/lattice-safe/kyber-go/poly.go:94.2,94.10 1 1
github.com/lattice-safe/kyber-go/poly.go:97.34,98.21 1 1
github.com/lattice-safe/kyber-go/poly.go:98.21,100.26 2 1
github.com/lattice-safe/kyber-go/poly.go:100.26,105.4 4 1
github.com/lattice-safe/kyber-go/poly.go:109.47,111.34 2 1
github.com/lattice-safe/kyber-go/poly.go:112.11,113.28 1 1
github.com/lattice-safe/kyber-go/poly.go:113.28,114.27 1 1
github.com/lattice-safe/kyber-go/poly.go:114.27,118.5 3 1
github.com/lattice-safe/kyber-go/poly.go:119.4,122.33 4 1
github.com/lattice-safe/kyber-go/poly.go:124.11,125.28 1 1
github.com/lattice-safe/kyber-go/poly.go:125.28,126.27 1 1
github.com/lattice-safe/kyber-go/poly.go:126.27,130.5 3 1
github.com/lattice-safe/kyber-go/poly.go:131.4,135.40 5 1
github.com/lattice-safe/kyber-go/poly.go:137.10,138.23 1 1
github.com/lattice-safe/kyber-go/poly.go:142.51,144.34 2 1
github.com/lattice-safe/kyber-go/poly.go:145.11,146.28 1 1
github.com/lattice-safe/kyber-go/poly.go:146.28,149.4 2 1
github.com/lattice-safe/kyber-go/poly.go:150.11,152.28 2 1
github.com/lattice-safe/kyber-go/poly.go:152.28,161.25 9 1
github.com/lattice-safe/kyber-go/poly.go:161.25,163.5 1 1
github.com/lattice-safe/kyber-go/poly.go:165.10,166.23 1 1
github.com/lattice-safe/kyber-go/poly.go:168.2,168.10 1 1
github.com/lattice-safe/kyber-go/polyvec.go:7.33,9.21 2 1
github.com/lattice-safe/kyber-go/polyvec.go:9.21,11.3 1 1
github.com/lattice-safe/kyber-go/polyvec.go:12.2,12.27 1 1
github.com/lattice-safe/kyber-go/polyvec.go:15.26,16.27 1 1
github.com/lattice-safe/kyber-go/polyvec.go:16.27,18.3 1 1
github.com/lattice-safe/kyber-go/polyvec.go:21.35,22.27 1 1
github.com/lattice-safe/kyber-go/polyvec.go:22.27,24.3 1 1
github.com/lattice-safe/kyber-go/polyvec.go:27.29,28.27 1 1
github.com/lattice-safe/kyber-go/polyvec.go:28.27,30.3 1 1
github.com/lattice-safe/kyber-go/polyvec.go:33.39,34.24 1 1
github.com/lattice-safe/kyber-go/polyvec.go:34.24,36.3 1 1
github.com/lattice-safe/kyber-go/polyvec.go:39.51,42.34 3 1
github.com/lattice-safe/kyber-go/polyvec.go:42.34,44.26 2 1
github.com/lattice-safe/kyber-go/polyvec.go:44.26,46.4 1 1
github.com/lattice-safe/kyber-go/polyvec.go:48.2,48.12 1 1
github.com/lattice-safe/kyber-go/polyvec.go:51.38,52.24 1 1
github.com/lattice-safe/kyber-go/polyvec.go:52.24,54.3 1 1
github.com/lattice-safe/kyber-go/polyvec.go:57.51,59.25 2 1
github.com/lattice-safe/kyber-go/polyvec.go:59.25,61.3 1 1
github.com/lattice-safe/kyber-go/polyvec.go:62.2,62.11 1 1
github.com/lattice-safe/kyber-go/polyvec.go:65.51,67.41 2 1
github.com/lattice-safe/kyber-go/polyvec.go:68.11,70.26 2 1
github.com/lattice-safe/kyber-go/polyvec.go:70.26,71.29 1 1
github.com/lattice-safe/kyber-go/polyvec.go:71.29,73.28 2 1
github.com/lattice-safe/kyber-go/polyvec.go:73.28,77.6 3 1
github.com/lattice-safe/kyber-go/polyvec.go:78.5,89.14 12 1
github.com/lattice-safe/kyber-go/polyvec.go:92.11,94.26 2 1
github.com/lattice-safe/kyber-go/polyvec.go:94.26,95.29 1 1
github.com/lattice-safe/kyber-go/polyvec.go:95.29,97.28 2 1
github.com/lattice-safe/kyber-go/polyvec.go:97.28,101.6 3 1
github.com/lattice-safe/kyber-go/polyvec.go:102.5,107.13 6 1
github.com/lattice-safe/kyber-go/polyvec.go:110.10,111.23 1 1
github.com/lattice-safe/kyber-go/polyvec.go:115.57,118.41 3 1
github.com/lattice-safe/kyber-go/polyvec.go:119.11,121.26 2 1
github.com/lattice-safe/kyber-go/polyvec.go:121.26,122.29 1 1
github.com/lattice-safe/kyber-go/polyvec.go:122.29,133.26 11 1
github.com/lattice-safe/kyber-go/polyvec.go:133.26,135.6 1 1
github.com/lattice-safe/kyber-go/polyvec.go:138.11,140.26 2 1
github.com/lattice-safe/kyber-go/polyvec.go:140.26,141.29 1 1
github.com/lattice-safe/kyber-go/polyvec.go:141.29,148.26 7 1
github.com/lattice-safe/kyber-go/polyvec.go:148.26,150.6 1 1
github.com/lattice-safe/kyber-go/polyvec.go:153.10,154.23 1 1
github.com/lattice-safe/kyber-go/polyvec.go:156.2,156.11 1 1
github.com/lattice-safe/kyber-go/reduce.go:5.38,8.2 2 1
github.com/lattice-safe/kyber-go/reduce.go:11.30,13.2 1 1
github.com/lattice-safe/kyber-go/reduce.go:16.35,20.2 3 1
github.com/lattice-safe/kyber-go/symmetric.go:8.38,12.2 3 1
github.com/lattice-safe/kyber-go/symmetric.go:15.38,19.2 3 1
github.com/lattice-safe/kyber-go/symmetric.go:22.41,26.2 3 1
github.com/lattice-safe/kyber-go/symmetric.go:29.46,34.2 4 1
github.com/lattice-safe/kyber-go/symmetric.go:37.47,42.2 4 1
github.com/lattice-safe/kyber-go/symmetric.go:50.50,57.2 4 1
github.com/lattice-safe/kyber-go/symmetric.go:60.40,62.2 1 1
github.com/lattice-safe/kyber-go/verify.go:7.31,10.2 1 1
github.com/lattice-safe/kyber-go/verify.go:14.32,16.30 2 1
github.com/lattice-safe/kyber-go/verify.go:16.30,18.3 1 1
